1491225585.156340 client started (3758): socket /private/tmp/tmux-501/default, protocol 8
1491225585.156372 on Darwin 16.4.0 Darwin Kernel Version 16.4.0: Thu Dec 22 22:53:21 PST 2016; root:xnu-3789.41.3~3/RELEASE_X86_64; libevent 2.1.8-stable (select)
1491225585.156409 socket is /private/tmp/tmux-501/default
1491225585.156426 trying connect
1491225585.156501 add peer 0x7fbb68802400: 6 (0x0)
1491225585.158424 sending message 100 to peer 0x7fbb68802400 (4 bytes)
1491225585.158440 sending message 101 to peer 0x7fbb68802400 (16 bytes)
1491225585.158445 sending message 102 to peer 0x7fbb68802400 (13 bytes)
1491225585.158448 sending message 108 to peer 0x7fbb68802400 (28 bytes)
1491225585.158459 sending message 104 to peer 0x7fbb68802400 (0 bytes)
1491225585.158463 sending message 107 to peer 0x7fbb68802400 (4 bytes)
1491225585.158467 sending message 105 to peer 0x7fbb68802400 (76 bytes)
1491225585.158470 sending message 105 to peer 0x7fbb68802400 (75 bytes)
1491225585.158474 sending message 105 to peer 0x7fbb68802400 (24 bytes)
1491225585.158478 sending message 105 to peer 0x7fbb68802400 (17 bytes)
1491225585.158481 sending message 105 to peer 0x7fbb68802400 (20 bytes)
1491225585.158485 sending message 105 to peer 0x7fbb68802400 (2424 bytes)
1491225585.158489 sending message 105 to peer 0x7fbb68802400 (26 bytes)
1491225585.158493 sending message 105 to peer 0x7fbb68802400 (365 bytes)
1491225585.158496 sending message 105 to peer 0x7fbb68802400 (32 bytes)
1491225585.158500 sending message 105 to peer 0x7fbb68802400 (16 bytes)
1491225585.158504 sending message 105 to peer 0x7fbb68802400 (15 bytes)
1491225585.158507 sending message 105 to peer 0x7fbb68802400 (8 bytes)
1491225585.158511 sending message 105 to peer 0x7fbb68802400 (66 bytes)
1491225585.158514 sending message 105 to peer 0x7fbb68802400 (21 bytes)
1491225585.158518 sending message 105 to peer 0x7fbb68802400 (28 bytes)
1491225585.158522 sending message 105 to peer 0x7fbb68802400 (25 bytes)
1491225585.158525 sending message 105 to peer 0x7fbb68802400 (53 bytes)
1491225585.158529 sending message 105 to peer 0x7fbb68802400 (57 bytes)
1491225585.158532 sending message 105 to peer 0x7fbb68802400 (42 bytes)
1491225585.158536 sending message 105 to peer 0x7fbb68802400 (13 bytes)
1491225585.158540 sending message 105 to peer 0x7fbb68802400 (59 bytes)
1491225585.158543 sending message 105 to peer 0x7fbb68802400 (17 bytes)
1491225585.158547 sending message 105 to peer 0x7fbb68802400 (14 bytes)
1491225585.158550 sending message 105 to peer 0x7fbb68802400 (19 bytes)
1491225585.158554 sending message 105 to peer 0x7fbb68802400 (22 bytes)
1491225585.158557 sending message 105 to peer 0x7fbb68802400 (38 bytes)
1491225585.158561 sending message 105 to peer 0x7fbb68802400 (17 bytes)
1491225585.158565 sending message 105 to peer 0x7fbb68802400 (15 bytes)
1491225585.158568 sending message 106 to peer 0x7fbb68802400 (0 bytes)
1491225585.158574 sending message 200 to peer 0x7fbb68802400 (4 bytes)
1491225585.158578 client loop enter
1491225585.160675 peer 0x7fbb68802400 message 211
1491225585.160726 peer 0x7fbb68802400 message 203
1491225585.160734 client loop exit
